<?xml version="1.0" encoding="UTF-8"?>
<!-- Generated by org.testng.reporters.JUnitReportReporter -->
<testsuite hostname="NB-JB" failures="0" tests="1" name="myproject.tests.testng.BookingRatingTestNGTest" time="11.392" errors="0" timestamp="2025-06-10T17:39:37 CEST" skipped="0">
  <testcase classname="myproject.tests.testng.BookingRatingTestNGTest" name="testHotelRatingShouldBeFiveOutOfFive" time="11.392"/>
</testsuite> <!-- myproject.tests.testng.BookingRatingTestNGTest -->
